This file contains any messages produced by compilers while
running configure, to aid debugging if configure makes a mistake.

It was created by P1 configure 0.3, which was
generated by GNU Autoconf 2.69.  Invocation command line was

  $ ./configure --no-create --no-recursion

## --------- ##
## Platform. ##
## --------- ##

hostname = manedesk
uname -m = x86_64
uname -r = 3.13.0-29-generic
uname -s = Linux
uname -v = #53-Ubuntu SMP Wed Jun 4 21:00:20 UTC 2014

/usr/bin/uname -p = unknown
/bin/uname -X     = unknown

/bin/arch              = unknown
/usr/bin/arch -k       = unknown
/usr/convex/getsysinfo = unknown
/usr/bin/hostinfo      = unknown
/bin/machine           = unknown
/usr/bin/oslevel       = unknown
/bin/universe          = unknown

PATH: /usr/local/sbin
PATH: /usr/local/bin
PATH: /usr/sbin
PATH: /usr/bin
PATH: /sbin
PATH: /bin
PATH: /usr/games
PATH: /usr/local/games
PATH: /home/jaz/Documents/Android/adt-bundle-linux-x86_64-20140321/eclipse


## ----------- ##
## Core tests. ##
## ----------- ##

configure:2280: checking for gcc
configure:2296: found /usr/bin/gcc
configure:2307: result: gcc
configure:2536: checking for C compiler version
configure:2545: gcc --version >&5
gcc (Ubuntu 4.8.4-2ubuntu1~14.04) 4.8.4
Copyright (C) 2013 Free Software Foundation, Inc.
This is free software; see the source for copying conditions.  There is NO
warranty; not even for MERCHANTABILITY or FITNESS FOR A PARTICULAR PURPOSE.

configure:2556: $? = 0
configure:2545: gcc -v >&5
Using built-in specs.
COLLECT_GCC=gcc
COLLECT_LTO_WRAPPER=/usr/lib/gcc/x86_64-linux-gnu/4.8/lto-wrapper
Target: x86_64-linux-gnu
Configured with: ../src/configure -v --with-pkgversion='Ubuntu 4.8.4-2ubuntu1~14.04' --with-bugurl=file:///usr/share/doc/gcc-4.8/README.Bugs --enable-languages=c,c++,java,go,d,fortran,objc,obj-c++ --prefix=/usr --program-suffix=-4.8 --enable-shared --enable-linker-build-id --libexecdir=/usr/lib --without-included-gettext --enable-threads=posix --with-gxx-include-dir=/usr/include/c++/4.8 --libdir=/usr/lib --enable-nls --with-sysroot=/ --enable-clocale=gnu --enable-libstdcxx-debug --enable-libstdcxx-time=yes --enable-gnu-unique-object --disable-libmudflap --enable-plugin --with-system-zlib --disable-browser-plugin --enable-java-awt=gtk --enable-gtk-cairo --with-java-home=/usr/lib/jvm/java-1.5.0-gcj-4.8-amd64/jre --enable-java-home --with-jvm-root-dir=/usr/lib/jvm/java-1.5.0-gcj-4.8-amd64 --with-jvm-jar-dir=/usr/lib/jvm-exports/java-1.5.0-gcj-4.8-amd64 --with-arch-directory=amd64 --with-ecj-jar=/usr/share/java/eclipse-ecj.jar --enable-objc-gc --enable-multiarch --disable-werror --with-arch-32=i686 --with-abi=m64 --with-multilib-list=m32,m64,mx32 --with-tune=generic --enable-checking=release --build=x86_64-linux-gnu --host=x86_64-linux-gnu --target=x86_64-linux-gnu
Thread model: posix
gcc version 4.8.4 (Ubuntu 4.8.4-2ubuntu1~14.04) 
configure:2556: $? = 0
configure:2545: gcc -V >&5
gcc: error: unrecognized command line option '-V'
gcc: fatal error: no input files
compilation terminated.
configure:2556: $? = 4
configure:2545: gcc -qversion >&5
gcc: error: unrecognized command line option '-qversion'
gcc: fatal error: no input files
compilation terminated.
configure:2556: $? = 4
configure:2576: checking whether the C compiler works
configure:2598: gcc    conftest.c  >&5
configure:2602: $? = 0
configure:2650: result: yes
configure:2653: checking for C compiler default output file name
configure:2655: result: a.out
configure:2661: checking for suffix of executables
configure:2668: gcc -o conftest    conftest.c  >&5
configure:2672: $? = 0
configure:2694: result: 
configure:2716: checking whether we are cross compiling
configure:2724: gcc -o conftest    conftest.c  >&5
configure:2728: $? = 0
configure:2735: ./conftest
configure:2739: $? = 0
configure:2754: result: no
configure:2759: checking for suffix of object files
configure:2781: gcc -c   conftest.c >&5
configure:2785: $? = 0
configure:2806: result: o
configure:2810: checking whether we are using the GNU C compiler
configure:2829: gcc -c   conftest.c >&5
configure:2829: $? = 0
configure:2838: result: yes
configure:2847: checking whether gcc accepts -g
configure:2867: gcc -c -g  conftest.c >&5
configure:2867: $? = 0
configure:2908: result: yes
configure:2925: checking for gcc option to accept ISO C89
configure:2988: gcc  -c -g -O2  conftest.c >&5
configure:2988: $? = 0
configure:3001: result: none needed
configure:3026: checking whether gcc understands -c and -o together
configure:3048: gcc -c conftest.c -o conftest2.o
configure:3051: $? = 0
configure:3048: gcc -c conftest.c -o conftest2.o
configure:3051: $? = 0
configure:3063: result: yes
configure:3130: checking for ar
configure:3146: found /usr/bin/ar
configure:3157: result: ar
configure:3183: checking the archiver (ar) interface
configure:3199: gcc -c -g -O2  conftest.c >&5
configure:3199: $? = 0
configure:3201: ar cru libconftest.a conftest.o >&5
configure:3204: $? = 0
configure:3232: result: ar
configure:3254: checking for floor in -lm
configure:3279: gcc -o conftest -g -O2   conftest.c -lm   >&5
conftest.c:16:6: warning: conflicting types for built-in function 'floor' [enabled by default]
 char floor ();
      ^
configure:3279: $? = 0
configure:3288: result: yes
configure:3299: checking for setitimer in -lrt
configure:3324: gcc -o conftest -g -O2   conftest.c -lrt  -lm  >&5
configure:3324: $? = 0
configure:3333: result: yes
configure:3344: checking for pthread_create in -lpthread
configure:3369: gcc -o conftest -g -O2   conftest.c -lpthread  -lrt -lm  >&5
configure:3369: $? = 0
configure:3378: result: yes
configure:3442: checking for a BSD-compatible install
configure:3510: result: /usr/bin/install -c
configure:3521: checking whether build environment is sane
configure:3576: result: yes
configure:3611: WARNING: 'missing' script is too old or missing
configure:3724: checking for a thread-safe mkdir -p
configure:3763: result: /bin/mkdir -p
configure:3770: checking for gawk
configure:3800: result: no
configure:3770: checking for mawk
configure:3786: found /usr/bin/mawk
configure:3797: result: mawk
configure:3808: checking whether make sets $(MAKE)
configure:3830: result: yes
configure:3860: checking for style of include used by make
configure:3888: result: GNU
configure:3922: checking whether make supports nested variables
configure:3939: result: yes
configure:4024: checking dependency style of gcc
configure:4135: result: gcc3
configure:4242: checking for gcc
configure:4269: result: gcc
configure:4498: checking for C compiler version
configure:4507: gcc --version >&5
gcc (Ubuntu 4.8.4-2ubuntu1~14.04) 4.8.4
Copyright (C) 2013 Free Software Foundation, Inc.
This is free software; see the source for copying conditions.  There is NO
warranty; not even for MERCHANTABILITY or FITNESS FOR A PARTICULAR PURPOSE.

configure:4518: $? = 0
configure:4507: gcc -v >&5
Using built-in specs.
COLLECT_GCC=gcc
COLLECT_LTO_WRAPPER=/usr/lib/gcc/x86_64-linux-gnu/4.8/lto-wrapper
Target: x86_64-linux-gnu
Configured with: ../src/configure -v --with-pkgversion='Ubuntu 4.8.4-2ubuntu1~14.04' --with-bugurl=file:///usr/share/doc/gcc-4.8/README.Bugs --enable-languages=c,c++,java,go,d,fortran,objc,obj-c++ --prefix=/usr --program-suffix=-4.8 --enable-shared --enable-linker-build-id --libexecdir=/usr/lib --without-included-gettext --enable-threads=posix --with-gxx-include-dir=/usr/include/c++/4.8 --libdir=/usr/lib --enable-nls --with-sysroot=/ --enable-clocale=gnu --enable-libstdcxx-debug --enable-libstdcxx-time=yes --enable-gnu-unique-object --disable-libmudflap --enable-plugin --with-system-zlib --disable-browser-plugin --enable-java-awt=gtk --enable-gtk-cairo --with-java-home=/usr/lib/jvm/java-1.5.0-gcj-4.8-amd64/jre --enable-java-home --with-jvm-root-dir=/usr/lib/jvm/java-1.5.0-gcj-4.8-amd64 --with-jvm-jar-dir=/usr/lib/jvm-exports/java-1.5.0-gcj-4.8-amd64 --with-arch-directory=amd64 --with-ecj-jar=/usr/share/java/eclipse-ecj.jar --enable-objc-gc --enable-multiarch --disable-werror --with-arch-32=i686 --with-abi=m64 --with-multilib-list=m32,m64,mx32 --with-tune=generic --enable-checking=release --build=x86_64-linux-gnu --host=x86_64-linux-gnu --target=x86_64-linux-gnu
Thread model: posix
gcc version 4.8.4 (Ubuntu 4.8.4-2ubuntu1~14.04) 
configure:4518: $? = 0
configure:4507: gcc -V >&5
gcc: error: unrecognized command line option '-V'
gcc: fatal error: no input files
compilation terminated.
configure:4518: $? = 4
configure:4507: gcc -qversion >&5
gcc: error: unrecognized command line option '-qversion'
gcc: fatal error: no input files
compilation terminated.
configure:4518: $? = 4
configure:4522: checking whether we are using the GNU C compiler
configure:4550: result: yes
configure:4559: checking whether gcc accepts -g
configure:4620: result: yes
configure:4637: checking for gcc option to accept ISO C89
configure:4713: result: none needed
configure:4738: checking whether gcc understands -c and -o together
configure:4775: result: yes
configure:4821: checking build system type
configure:4835: result: x86_64-unknown-linux-gnu
configure:4855: checking host system type
configure:4868: result: x86_64-unknown-linux-gnu
configure:4909: checking how to print strings
configure:4936: result: printf
configure:4957: checking for a sed that does not truncate output
configure:5021: result: /bin/sed
configure:5039: checking for grep that handles long lines and -e
configure:5097: result: /bin/grep
configure:5102: checking for egrep
configure:5164: result: /bin/grep -E
configure:5169: checking for fgrep
configure:5231: result: /bin/grep -F
configure:5266: checking for ld used by gcc
configure:5333: result: /usr/bin/ld
configure:5340: checking if the linker (/usr/bin/ld) is GNU ld
configure:5355: result: yes
configure:5367: checking for BSD- or MS-compatible name lister (nm)
configure:5416: result: /usr/bin/nm -B
configure:5546: checking the name lister (/usr/bin/nm -B) interface
configure:5553: gcc -c -g -O2  conftest.c >&5
configure:5556: /usr/bin/nm -B "conftest.o"
configure:5559: output
0000000000000000 B some_variable
configure:5566: result: BSD nm
configure:5569: checking whether ln -s works
configure:5573: result: yes
configure:5581: checking the maximum length of command line arguments
configure:5712: result: 3458764513820540925
configure:5729: checking whether the shell understands some XSI constructs
configure:5739: result: yes
configure:5743: checking whether the shell understands "+="
configure:5749: result: yes
configure:5784: checking how to convert x86_64-unknown-linux-gnu file names to x86_64-unknown-linux-gnu format
configure:5824: result: func_convert_file_noop
configure:5831: checking how to convert x86_64-unknown-linux-gnu file names to toolchain format
configure:5851: result: func_convert_file_noop
configure:5858: checking for /usr/bin/ld option to reload object files
configure:5865: result: -r
configure:5939: checking for objdump
configure:5955: found /usr/bin/objdump
configure:5966: result: objdump
configure:5998: checking how to recognize dependent libraries
configure:6196: result: pass_all
configure:6281: checking for dlltool
configure:6311: result: no
configure:6341: checking how to associate runtime and link libraries
configure:6368: result: printf %s\n
configure:6492: checking for archiver @FILE support
configure:6509: gcc -c -g -O2  conftest.c >&5
configure:6509: $? = 0
configure:6512: ar cru libconftest.a @conftest.lst >&5
configure:6515: $? = 0
configure:6520: ar cru libconftest.a @conftest.lst >&5
ar: conftest.o: No such file or directory
configure:6523: $? = 1
configure:6535: result: @
configure:6593: checking for strip
configure:6609: found /usr/bin/strip
configure:6620: result: strip
configure:6692: checking for ranlib
configure:6708: found /usr/bin/ranlib
configure:6719: result: ranlib
configure:6821: checking command to parse /usr/bin/nm -B output from gcc object
configure:6941: gcc -c -g -O2  conftest.c >&5
configure:6944: $? = 0
configure:6948: /usr/bin/nm -B conftest.o \| sed -n -e 's/^.*[ ]\([ABCDGIRSTW][ABCDGIRSTW]*\)[ ][ ]*\([_A-Za-z][_A-Za-z0-9]*\)$/\1 \2 \2/p' | sed '/ __gnu_lto/d' \> conftest.nm
configure:6951: $? = 0
configure:7017: gcc -o conftest -g -O2   conftest.c conftstm.o >&5
configure:7020: $? = 0
configure:7058: result: ok
configure:7095: checking for sysroot
configure:7125: result: no
configure:7202: gcc -c -g -O2  conftest.c >&5
configure:7205: $? = 0
configure:7394: checking for mt
configure:7410: found /bin/mt
configure:7421: result: mt
configure:7444: checking if mt is a manifest tool
configure:7450: mt '-?'
configure:7458: result: no
configure:8100: checking how to run the C preprocessor
configure:8131: gcc -E  conftest.c
configure:8131: $? = 0
configure:8145: gcc -E  conftest.c
conftest.c:14:28: fatal error: ac_nonexistent.h: No such file or directory
 #include <ac_nonexistent.h>
                            ^
compilation terminated.
configure:8145: $? = 1
configure: failed program was:
| /* confdefs.h */
| #define PACKAGE_NAME "P1"
| #define PACKAGE_TARNAME "p1"
| #define PACKAGE_VERSION "0.3"
| #define PACKAGE_STRING "P1 0.3"
| #define PACKAGE_BUGREPORT "check-devel AT lists.sourceforge.net"
| #define PACKAGE_URL ""
| #define HAVE_LIBM 1
| #define HAVE_LIBRT 1
| #define HAVE_LIBPTHREAD 1
| #define PACKAGE "p1"
| #define VERSION "0.3"
| /* end confdefs.h.  */
| #include <ac_nonexistent.h>
configure:8170: result: gcc -E
configure:8190: gcc -E  conftest.c
configure:8190: $? = 0
configure:8204: gcc -E  conftest.c
conftest.c:14:28: fatal error: ac_nonexistent.h: No such file or directory
 #include <ac_nonexistent.h>
                            ^
compilation terminated.
configure:8204: $? = 1
configure: failed program was:
| /* confdefs.h */
| #define PACKAGE_NAME "P1"
| #define PACKAGE_TARNAME "p1"
| #define PACKAGE_VERSION "0.3"
| #define PACKAGE_STRING "P1 0.3"
| #define PACKAGE_BUGREPORT "check-devel AT lists.sourceforge.net"
| #define PACKAGE_URL ""
| #define HAVE_LIBM 1
| #define HAVE_LIBRT 1
| #define HAVE_LIBPTHREAD 1
| #define PACKAGE "p1"
| #define VERSION "0.3"
| /* end confdefs.h.  */
| #include <ac_nonexistent.h>
configure:8233: checking for ANSI C header files
configure:8253: gcc -c -g -O2  conftest.c >&5
configure:8253: $? = 0
configure:8326: gcc -o conftest -g -O2   conftest.c -lpthread -lrt -lm  >&5
configure:8326: $? = 0
configure:8326: ./conftest
configure:8326: $? = 0
configure:8337: result: yes
configure:8350: checking for sys/types.h
configure:8350: gcc -c -g -O2  conftest.c >&5
configure:8350: $? = 0
configure:8350: result: yes
configure:8350: checking for sys/stat.h
configure:8350: gcc -c -g -O2  conftest.c >&5
configure:8350: $? = 0
configure:8350: result: yes
configure:8350: checking for stdlib.h
configure:8350: gcc -c -g -O2  conftest.c >&5
configure:8350: $? = 0
configure:8350: result: yes
configure:8350: checking for string.h
configure:8350: gcc -c -g -O2  conftest.c >&5
configure:8350: $? = 0
configure:8350: result: yes
configure:8350: checking for memory.h
configure:8350: gcc -c -g -O2  conftest.c >&5
configure:8350: $? = 0
configure:8350: result: yes
configure:8350: checking for strings.h
configure:8350: gcc -c -g -O2  conftest.c >&5
configure:8350: $? = 0
configure:8350: result: yes
configure:8350: checking for inttypes.h
configure:8350: gcc -c -g -O2  conftest.c >&5
configure:8350: $? = 0
configure:8350: result: yes
configure:8350: checking for stdint.h
configure:8350: gcc -c -g -O2  conftest.c >&5
configure:8350: $? = 0
configure:8350: result: yes
configure:8350: checking for unistd.h
configure:8350: gcc -c -g -O2  conftest.c >&5
configure:8350: $? = 0
configure:8350: result: yes
configure:8364: checking for dlfcn.h
configure:8364: gcc -c -g -O2  conftest.c >&5
configure:8364: $? = 0
configure:8364: result: yes
configure:8570: checking for objdir
configure:8585: result: .libs
configure:8852: checking if gcc supports -fno-rtti -fno-exceptions
configure:8870: gcc -c -g -O2  -fno-rtti -fno-exceptions conftest.c >&5
cc1: warning: command line option '-fno-rtti' is valid for C++/ObjC++ but not for C [enabled by default]
configure:8874: $? = 0
configure:8887: result: no
configure:9214: checking for gcc option to produce PIC
configure:9221: result: -fPIC -DPIC
configure:9229: checking if gcc PIC flag -fPIC -DPIC works
configure:9247: gcc -c -g -O2  -fPIC -DPIC -DPIC conftest.c >&5
configure:9251: $? = 0
configure:9264: result: yes
configure:9293: checking if gcc static flag -static works
configure:9321: result: yes
configure:9336: checking if gcc supports -c -o file.o
configure:9357: gcc -c -g -O2  -o out/conftest2.o conftest.c >&5
configure:9361: $? = 0
configure:9383: result: yes
configure:9391: checking if gcc supports -c -o file.o
configure:9438: result: yes
configure:9471: checking whether the gcc linker (/usr/bin/ld -m elf_x86_64) supports shared libraries
configure:10628: result: yes
configure:10665: checking whether -lc should be explicitly linked in
configure:10673: gcc -c -g -O2  conftest.c >&5
configure:10676: $? = 0
configure:10691: gcc -shared  -fPIC -DPIC conftest.o  -v -Wl,-soname -Wl,conftest -o conftest 2\>\&1 \| /bin/grep  -lc  \>/dev/null 2\>\&1
configure:10694: $? = 0
configure:10708: result: no
configure:10868: checking dynamic linker characteristics
configure:11368: gcc -o conftest -g -O2   -Wl,-rpath -Wl,/foo conftest.c -lpthread -lrt -lm  >&5
configure:11368: $? = 0
configure:11602: result: GNU/Linux ld.so
configure:11709: checking how to hardcode library paths into programs
configure:11734: result: immediate
configure:12274: checking whether stripping libraries is possible
configure:12279: result: yes
configure:12314: checking if libtool supports shared libraries
configure:12316: result: yes
configure:12319: checking whether to build shared libraries
configure:12340: result: yes
configure:12343: checking whether to build static libraries
configure:12347: result: yes
configure:12447: checking for pkg-config
configure:12465: found /usr/bin/pkg-config
configure:12477: result: /usr/bin/pkg-config
configure:12502: checking pkg-config is at least version 0.9.0
configure:12505: result: yes
configure:12515: checking for CHECK
configure:12522: $PKG_CONFIG --exists --print-errors "check >= 0.9.4"
configure:12525: $? = 0
configure:12539: $PKG_CONFIG --exists --print-errors "check >= 0.9.4"
configure:12542: $? = 0
configure:12600: result: yes
configure:12606: checking for ANSI C header files
configure:12710: result: yes
configure:12720: checking for stdlib.h
configure:12720: result: yes
configure:12736: checking for stdlib.h
configure:12736: result: yes
configure:12746: checking for GNU libc compatible malloc
configure:12770: gcc -o conftest -g -O2   conftest.c -lpthread -lrt -lm  >&5
configure:12770: $? = 0
configure:12770: ./conftest
configure:12770: $? = 0
configure:12780: result: yes
configure:12863: checking for pkg-config
configure:12893: result: /usr/bin/pkg-config
configure:12918: checking pkg-config is at least version 0.22
configure:12921: result: yes
configure:12931: checking for GTK
configure:12938: $PKG_CONFIG --exists --print-errors "gtk+-2.0 >= 2.24.23"
configure:12941: $? = 0
configure:12955: $PKG_CONFIG --exists --print-errors "gtk+-2.0 >= 2.24.23"
configure:12958: $? = 0
configure:13016: result: yes
configure:13130: checking that generated files are newer than configure
configure:13136: result: done
configure:13159: creating ./config.status

## ---------------- ##
## Cache variables. ##
## ---------------- ##

ac_cv_build=x86_64-unknown-linux-gnu
ac_cv_c_compiler_gnu=yes
ac_cv_env_CC_set=
ac_cv_env_CC_value=
ac_cv_env_CFLAGS_set=
ac_cv_env_CFLAGS_value=
ac_cv_env_CHECK_CFLAGS_set=
ac_cv_env_CHECK_CFLAGS_value=
ac_cv_env_CHECK_LIBS_set=
ac_cv_env_CHECK_LIBS_value=
ac_cv_env_CPPFLAGS_set=
ac_cv_env_CPPFLAGS_value=
ac_cv_env_CPP_set=
ac_cv_env_CPP_value=
ac_cv_env_GTK_CFLAGS_set=
ac_cv_env_GTK_CFLAGS_value=
ac_cv_env_GTK_LIBS_set=
ac_cv_env_GTK_LIBS_value=
ac_cv_env_LDFLAGS_set=
ac_cv_env_LDFLAGS_value=
ac_cv_env_LIBS_set=
ac_cv_env_LIBS_value=
ac_cv_env_PKG_CONFIG_LIBDIR_set=
ac_cv_env_PKG_CONFIG_LIBDIR_value=
ac_cv_env_PKG_CONFIG_PATH_set=
ac_cv_env_PKG_CONFIG_PATH_value=
ac_cv_env_PKG_CONFIG_set=
ac_cv_env_PKG_CONFIG_value=
ac_cv_env_build_alias_set=
ac_cv_env_build_alias_value=
ac_cv_env_host_alias_set=
ac_cv_env_host_alias_value=
ac_cv_env_target_alias_set=
ac_cv_env_target_alias_value=
ac_cv_func_malloc_0_nonnull=yes
ac_cv_header_dlfcn_h=yes
ac_cv_header_inttypes_h=yes
ac_cv_header_memory_h=yes
ac_cv_header_stdc=yes
ac_cv_header_stdint_h=yes
ac_cv_header_stdlib_h=yes
ac_cv_header_string_h=yes
ac_cv_header_strings_h=yes
ac_cv_header_sys_stat_h=yes
ac_cv_header_sys_types_h=yes
ac_cv_header_unistd_h=yes
ac_cv_host=x86_64-unknown-linux-gnu
ac_cv_lib_m_floor=yes
ac_cv_lib_pthread_pthread_create=yes
ac_cv_lib_rt_setitimer=yes
ac_cv_objext=o
ac_cv_path_EGREP='/bin/grep -E'
ac_cv_path_FGREP='/bin/grep -F'
ac_cv_path_GREP=/bin/grep
ac_cv_path_SED=/bin/sed
ac_cv_path_ac_pt_PKG_CONFIG=/usr/bin/pkg-config
ac_cv_path_install='/usr/bin/install -c'
ac_cv_path_mkdir=/bin/mkdir
ac_cv_prog_AWK=mawk
ac_cv_prog_CPP='gcc -E'
ac_cv_prog_ac_ct_AR=ar
ac_cv_prog_ac_ct_CC=gcc
ac_cv_prog_ac_ct_MANIFEST_TOOL=mt
ac_cv_prog_ac_ct_OBJDUMP=objdump
ac_cv_prog_ac_ct_RANLIB=ranlib
ac_cv_prog_ac_ct_STRIP=strip
ac_cv_prog_cc_c89=
ac_cv_prog_cc_g=yes
ac_cv_prog_make_make_set=yes
am_cv_CC_dependencies_compiler_type=gcc3
am_cv_ar_interface=ar
am_cv_make_support_nested_variables=yes
am_cv_prog_cc_c_o=yes
lt_cv_ar_at_file=@
lt_cv_archive_cmds_need_lc=no
lt_cv_deplibs_check_method=pass_all
lt_cv_file_magic_cmd='$MAGIC_CMD'
lt_cv_file_magic_test_file=
lt_cv_ld_reload_flag=-r
lt_cv_nm_interface='BSD nm'
lt_cv_objdir=.libs
lt_cv_path_LD=/usr/bin/ld
lt_cv_path_NM='/usr/bin/nm -B'
lt_cv_path_mainfest_tool=no
lt_cv_prog_compiler_c_o=yes
lt_cv_prog_compiler_pic='-fPIC -DPIC'
lt_cv_prog_compiler_pic_works=yes
lt_cv_prog_compiler_rtti_exceptions=no
lt_cv_prog_compiler_static_works=yes
lt_cv_prog_gnu_ld=yes
lt_cv_sharedlib_from_linklib_cmd='printf %s\n'
lt_cv_shlibpath_overrides_runpath=no
lt_cv_sys_global_symbol_pipe='sed -n -e '\''s/^.*[	 ]\([ABCDGIRSTW][ABCDGIRSTW]*\)[	 ][	 ]*\([_A-Za-z][_A-Za-z0-9]*\)$/\1 \2 \2/p'\'' | sed '\''/ __gnu_lto/d'\'''
lt_cv_sys_global_symbol_to_c_name_address='sed -n -e '\''s/^: \([^ ]*\)[ ]*$/  {\"\1\", (void *) 0},/p'\'' -e '\''s/^[ABCDGIRSTW]* \([^ ]*\) \([^ ]*\)$/  {"\2", (void *) \&\2},/p'\'''
lt_cv_sys_global_symbol_to_c_name_address_lib_prefix='sed -n -e '\''s/^: \([^ ]*\)[ ]*$/  {\"\1\", (void *) 0},/p'\'' -e '\''s/^[ABCDGIRSTW]* \([^ ]*\) \(lib[^ ]*\)$/  {"\2", (void *) \&\2},/p'\'' -e '\''s/^[ABCDGIRSTW]* \([^ ]*\) \([^ ]*\)$/  {"lib\2", (void *) \&\2},/p'\'''
lt_cv_sys_global_symbol_to_cdecl='sed -n -e '\''s/^T .* \(.*\)$/extern int \1();/p'\'' -e '\''s/^[ABCDGIRSTW]* .* \(.*\)$/extern char \1;/p'\'''
lt_cv_sys_max_cmd_len=3458764513820540925
lt_cv_to_host_file_cmd=func_convert_file_noop
lt_cv_to_tool_file_cmd=func_convert_file_noop
pkg_cv_CHECK_CFLAGS='-pthread  '
pkg_cv_CHECK_LIBS='-pthread -lcheck_pic -lrt -lm  '
pkg_cv_GTK_CFLAGS='-pthread -I/usr/include/gtk-2.0 -I/usr/lib/x86_64-linux-gnu/gtk-2.0/include -I/usr/include/atk-1.0 -I/usr/include/cairo -I/usr/include/gdk-pixbuf-2.0 -I/usr/include/pango-1.0 -I/usr/include/gio-unix-2.0/ -I/usr/include/freetype2 -I/usr/include/glib-2.0 -I/usr/lib/x86_64-linux-gnu/glib-2.0/include -I/usr/include/pixman-1 -I/usr/include/libpng12 -I/usr/include/harfbuzz  '
pkg_cv_GTK_LIBS='-lgtk-x11-2.0 -lgdk-x11-2.0 -latk-1.0 -lgio-2.0 -lpangoft2-1.0 -lpangocairo-1.0 -lgdk_pixbuf-2.0 -lcairo -lpango-1.0 -lfontconfig -lgobject-2.0 -lglib-2.0 -lfreetype  '

## ----------------- ##
## Output variables. ##
## ----------------- ##

ACLOCAL='aclocal-1.14'
AMDEPBACKSLASH='\'
AMDEP_FALSE='#'
AMDEP_TRUE=''
AMTAR='$${TAR-tar}'
AM_BACKSLASH='\'
AM_DEFAULT_V='$(AM_DEFAULT_VERBOSITY)'
AM_DEFAULT_VERBOSITY='1'
AM_V='$(V)'
AR='ar'
AUTOCONF='autoconf'
AUTOHEADER='autoheader'
AUTOMAKE='automake-1.14'
AWK='mawk'
CC='gcc'
CCDEPMODE='depmode=gcc3'
CFLAGS='-g -O2'
CHECK_CFLAGS='-pthread  '
CHECK_LIBS='-pthread -lcheck_pic -lrt -lm  '
CPP='gcc -E'
CPPFLAGS=''
CYGPATH_W='echo'
DEFS='-DHAVE_CONFIG_H'
DEPDIR='.deps'
DLLTOOL='false'
DSYMUTIL=''
DUMPBIN=''
ECHO_C=''
ECHO_N='-n'
ECHO_T=''
EGREP='/bin/grep -E'
EXEEXT=''
FGREP='/bin/grep -F'
GREP='/bin/grep'
GTK_CFLAGS='-pthread -I/usr/include/gtk-2.0 -I/usr/lib/x86_64-linux-gnu/gtk-2.0/include -I/usr/include/atk-1.0 -I/usr/include/cairo -I/usr/include/gdk-pixbuf-2.0 -I/usr/include/pango-1.0 -I/usr/include/gio-unix-2.0/ -I/usr/include/freetype2 -I/usr/include/glib-2.0 -I/usr/lib/x86_64-linux-gnu/glib-2.0/include -I/usr/include/pixman-1 -I/usr/include/libpng12 -I/usr/include/harfbuzz  '
GTK_LIBS='-lgtk-x11-2.0 -lgdk-x11-2.0 -latk-1.0 -lgio-2.0 -lpangoft2-1.0 -lpangocairo-1.0 -lgdk_pixbuf-2.0 -lcairo -lpango-1.0 -lfontconfig -lgobject-2.0 -lglib-2.0 -lfreetype  '
INSTALL_DATA='${INSTALL} -m 644'
INSTALL_PROGRAM='${INSTALL}'
INSTALL_SCRIPT='${INSTALL}'
INSTALL_STRIP_PROGRAM='$(install_sh) -c -s'
LD='/usr/bin/ld -m elf_x86_64'
LDFLAGS=''
LIBOBJS=''
LIBS='-lpthread -lrt -lm '
LIBTOOL='$(SHELL) $(top_builddir)/libtool'
LIPO=''
LN_S='ln -s'
LTLIBOBJS=''
MAKEINFO='makeinfo'
MANIFEST_TOOL=':'
MKDIR_P='/bin/mkdir -p'
NM='/usr/bin/nm -B'
NMEDIT=''
OBJDUMP='objdump'
OBJEXT='o'
OTOOL64=''
OTOOL=''
PACKAGE='p1'
PACKAGE_BUGREPORT='check-devel AT lists.sourceforge.net'
PACKAGE_NAME='P1'
PACKAGE_STRING='P1 0.3'
PACKAGE_TARNAME='p1'
PACKAGE_URL=''
PACKAGE_VERSION='0.3'
PATH_SEPARATOR=':'
PKG_CONFIG='/usr/bin/pkg-config'
PKG_CONFIG_LIBDIR=''
PKG_CONFIG_PATH=''
RANLIB='ranlib'
SED='/bin/sed'
SET_MAKE=''
SHELL='/bin/bash'
STRIP='strip'
VERSION='0.3'
ac_ct_AR='ar'
ac_ct_CC='gcc'
ac_ct_DUMPBIN=''
am__EXEEXT_FALSE=''
am__EXEEXT_TRUE='#'
am__fastdepCC_FALSE='#'
am__fastdepCC_TRUE=''
am__include='include'
am__isrc=''
am__leading_dot='.'
am__nodep='_no'
am__quote=''
am__tar='$${TAR-tar} chof - "$$tardir"'
am__untar='$${TAR-tar} xf -'
bindir='${exec_prefix}/bin'
build='x86_64-unknown-linux-gnu'
build_alias=''
build_cpu='x86_64'
build_os='linux-gnu'
build_vendor='unknown'
datadir='${datarootdir}'
datarootdir='${prefix}/share'
docdir='${datarootdir}/doc/${PACKAGE_TARNAME}'
dvidir='${docdir}'
exec_prefix='${prefix}'
host='x86_64-unknown-linux-gnu'
host_alias=''
host_cpu='x86_64'
host_os='linux-gnu'
host_vendor='unknown'
htmldir='${docdir}'
includedir='${prefix}/include'
infodir='${datarootdir}/info'
install_sh='${SHELL} /home/jaz/install-sh'
libdir='${exec_prefix}/lib'
libexecdir='${exec_prefix}/libexec'
localedir='${datarootdir}/locale'
localstatedir='${prefix}/var'
mandir='${datarootdir}/man'
mkdir_p='$(MKDIR_P)'
oldincludedir='/usr/include'
pdfdir='${docdir}'
prefix='/usr/local'
program_transform_name='s,x,x,'
psdir='${docdir}'
sbindir='${exec_prefix}/sbin'
sharedstatedir='${prefix}/com'
sysconfdir='${prefix}/etc'
target_alias=''

## ----------- ##
## confdefs.h. ##
## ----------- ##

/* confdefs.h */
#define PACKAGE_NAME "P1"
#define PACKAGE_TARNAME "p1"
#define PACKAGE_VERSION "0.3"
#define PACKAGE_STRING "P1 0.3"
#define PACKAGE_BUGREPORT "check-devel AT lists.sourceforge.net"
#define PACKAGE_URL ""
#define HAVE_LIBM 1
#define HAVE_LIBRT 1
#define HAVE_LIBPTHREAD 1
#define PACKAGE "p1"
#define VERSION "0.3"
#define STDC_HEADERS 1
#define HAVE_SYS_TYPES_H 1
#define HAVE_SYS_STAT_H 1
#define HAVE_STDLIB_H 1
#define HAVE_STRING_H 1
#define HAVE_MEMORY_H 1
#define HAVE_STRINGS_H 1
#define HAVE_INTTYPES_H 1
#define HAVE_STDINT_H 1
#define HAVE_UNISTD_H 1
#define HAVE_DLFCN_H 1
#define LT_OBJDIR ".libs/"
#define STDC_HEADERS 1
#define HAVE_STDLIB_H 1
#define HAVE_STDLIB_H 1
#define HAVE_MALLOC 1

configure: exit 0

## ---------------------- ##
## Running config.status. ##
## ---------------------- ##

This file was extended by P1 config.status 0.3, which was
generated by GNU Autoconf 2.69.  Invocation command line was

  CONFIG_FILES    = 
  CONFIG_HEADERS  = 
  CONFIG_LINKS    = 
  CONFIG_COMMANDS = 
  $ ./config.status 

on manedesk

config.status:1099: creating Makefile
config.status:1099: creating src/Makefile
config.status:1099: creating tests/Makefile
config.status:1099: creating config.h
config.status:1280: config.h is unchanged
config.status:1328: executing depfiles commands
config.status:1328: executing libtool commands

## ---------------------- ##
## Running config.status. ##
## ---------------------- ##

This file was extended by P1 config.status 0.3, which was
generated by GNU Autoconf 2.69.  Invocation command line was

  CONFIG_FILES    = 
  CONFIG_HEADERS  = 
  CONFIG_LINKS    = 
  CONFIG_COMMANDS = 
  $ ./config.status config.h

on manedesk

config.status:1099: creating config.h
config.status:1280: config.h is unchanged

## ---------------------- ##
## Running config.status. ##
## ---------------------- ##

This file was extended by P1 config.status 0.3, which was
generated by GNU Autoconf 2.69.  Invocation command line was

  CONFIG_FILES    = 
  CONFIG_HEADERS  = 
  CONFIG_LINKS    = 
  CONFIG_COMMANDS = 
  $ ./config.status tests/Makefile depfiles

on manedesk

config.status:1099: creating tests/Makefile
config.status:1328: executing depfiles commands
